# JRE version: Java(TM) SE Runtime Environment (8.0_121-b13) (build 1.8.0_121-b13)
# Java VM: Java HotSpot(TM) 64-Bit Server VM (25.121-b13 mixed mode linux-amd64 compressed oops)
Heap:
 garbage-first heap   total 262144K, used 101888K [0x00000000c0000000, 0x00000000c0100800, 0x0000000100000000)
  region size 1024K, 64 young (65536K), 20 survivors (20480K)
 Metaspace       used 63270K, capacity 68488K, committed 68608K, reserved 1107968K
  class space    used 7585K, capacity 9216K, committed 9240K, reserved 1048576K
GC Heap History (10 events):
Event: 0.455 GC heap before
{Heap before GC invocations=1 (full 0):
 garbage-first heap   total 262144K, used 20377K [0x00000000c0000000, 0x00000000c0100800, 0x0000000100000000)
  region size 1024K, 18 young (18432K), 2 survivors (2048K)
 Metaspace       used 8629K, capacity 8762K, committed 8960K, reserved 1056768K
  class space    used 906K, capacity 920K, committed 1024K, reserved 1048576K
Event: 0.463 GC heap after
Heap after GC invocations=2 (full 0):
 garbage-first heap   total 262144K, used 10738K [0x00000000c0000000, 0x00000000c0100800, 0x0000000100000000)
  region size 1024K, 3 young (3072K), 3 survivors (3072K)
 Metaspace       used 8629K, capacity 8762K, committed 8960K, reserved 1056768K
  class space    used 906K, capacity 920K, committed 1024K, reserved 1048576K
}
Event: 0.523 GC heap before
{Heap before GC invocations=2 (full 0):
 garbage-first heap   total 262144K, used 19954K [0x00000000c0000000, 0x00000000c0100800, 0x0000000100000000)
  region size 1024K, 12 young (12288K), 3 survivors (3072K)
 Metaspace       used 9085K, capacity 9360K, committed 9600K, reserved 1058816K
  class space    used 950K, capacity 1034K, committed 1152K, reserved 1048576K
Event: 0.529 GC heap after
Heap after GC invocations=3 (full 0):
 garbage-first heap   total 262144K, used 14336K [0x00000000c0000000, 0x00000000c0100800, 0x0000000100000000)
  region size 1024K, 2 young (2048K), 2 survivors (2048K)
 Metaspace       used 9085K, capacity 9360K, committed 9600K, reserved 1058816K
  class space    used 950K, capacity 1034K, committed 1152K, reserved 1048576K
}
Event: 16.580 GC heap before
{Heap before GC invocations=3 (full 0):
 garbage-first heap   total 262144K, used 43008K [0x00000000c0000000, 0x00000000c0100800, 0x0000000100000000)
  region size 1024K, 31 young (31744K), 2 survivors (2048K)
 Metaspace       used 19564K, capacity 21124K, committed 21296K, reserved 1069056K
  class space    used 1966K, capacity 2392K, committed 2432K, reserved 1048576K
Event: 16.591 GC heap after
Heap after GC invocations=4 (full 0):
 garbage-first heap   total 262144K, used 23040K [0x00000000c0000000, 0x00000000c0100800, 0x0000000100000000)
  region size 1024K, 9 young (9216K), 9 survivors (9216K)
 Metaspace       used 19564K, capacity 21124K, committed 21296K, reserved 1069056K
  class space    used 1966K, capacity 2392K, committed 2432K, reserved 1048576K
}
Event: 17.563 GC heap before
{Heap before GC invocations=5 (full 0):
 garbage-first heap   total 262144K, used 86037K [0x00000000c0000000, 0x00000000c0100800, 0x0000000100000000)
  region size 1024K, 71 young (72704K), 9 survivors (9216K)
 Metaspace       used 32944K, capacity 35792K, committed 35920K, reserved 1081344K
  class space    used 3744K, capacity 4558K, committed 4608K, reserved 1048576K
Event: 17.591 GC heap after
Heap after GC invocations=6 (full 0):
 garbage-first heap   total 262144K, used 36667K [0x00000000c0000000, 0x00000000c0100800, 0x0000000100000000)
  region size 1024K, 13 young (13312K), 13 survivors (13312K)
 Metaspace       used 32944K, capacity 35792K, committed 35920K, reserved 1081344K
  class space    used 3744K, capacity 4558K, committed 4608K, reserved 1048576K
}
Event: 19.889 GC heap before
{Heap before GC invocations=7 (full 0):
 garbage-first heap   total 262144K, used 155963K [0x00000000c0000000, 0x00000000c0100800, 0x0000000100000000)
  region size 1024K, 131 young (134144K), 13 survivors (13312K)
 Metaspace       used 56973K, capacity 61808K, committed 61956K, reserved 1103872K
  class space    used 6801K, capacity 8442K, committed 8524K, reserved 1048576K
Event: 19.921 GC heap after
Heap after GC invocations=8 (full 0):
 garbage-first heap   total 262144K, used 68096K [0x00000000c0000000, 0x00000000c0100800, 0x0000000100000000)
  region size 1024K, 20 young (20480K), 20 survivors (20480K)
 Metaspace       used 56973K, capacity 61808K, committed 61956K, reserved 1103872K
  class space    used 6801K, capacity 8442K, committed 8524K, reserved 1048576K
}

